0 info it worked if it ends with ok
1 verbose cli [ 'D:\\nodejs\\node.exe',
1 verbose cli   'D:\\nodejs\\node_modules\\npm\\bin\\npm-cli.js',
1 verbose cli   'start',
1 verbose cli   'www' ]
2 info using npm@2.15.1
3 info using node@v4.4.4
4 verbose run-script [ 'prestart', 'start', 'poststart' ]
5 info prestart GuideSystem@0.0.0
6 info start GuideSystem@0.0.0
7 verbose unsafe-perm in lifecycle true
8 info GuideSystem@0.0.0 Failed to exec start script
9 verbose stack Error: GuideSystem@0.0.0 start: `node ./bin/www "www"`
9 verbose stack Exit status 1
9 verbose stack     at EventEmitter.<anonymous> (D:\nodejs\node_modules\npm\lib\utils\lifecycle.js:217:16)
9 verbose stack     at emitTwo (events.js:87:13)
9 verbose stack     at EventEmitter.emit (events.js:172:7)
9 verbose stack     at ChildProcess.<anonymous> (D:\nodejs\node_modules\npm\lib\utils\spawn.js:24:14)
9 verbose stack     at emitTwo (events.js:87:13)
9 verbose stack     at ChildProcess.emit (events.js:172:7)
9 verbose stack     at maybeClose (internal/child_process.js:827:16)
9 verbose stack     at Process.ChildProcess._handle.onexit (internal/child_process.js:211:5)
10 verbose pkgid GuideSystem@0.0.0
11 verbose cwd D:\GuideSystem\bin
12 error Windows_NT 10.0.14393
13 error argv "D:\\nodejs\\node.exe" "D:\\nodejs\\node_modules\\npm\\bin\\npm-cli.js" "start" "www"
14 error node v4.4.4
15 error npm  v2.15.1
16 error code ELIFECYCLE
17 error GuideSystem@0.0.0 start: `node ./bin/www "www"`
17 error Exit status 1
18 error Failed at the GuideSystem@0.0.0 start script 'node ./bin/www "www"'.
18 error This is most likely a problem with the GuideSystem package,
18 error not with npm itself.
18 error Tell the author that this fails on your system:
18 error     node ./bin/www "www"
18 error You can get information on how to open an issue for this project with:
18 error     npm bugs GuideSystem
18 error Or if that isn't available, you can get their info via:
18 error
18 error     npm owner ls GuideSystem
18 error There is likely additional logging output above.
19 verbose exit [ 1, true ]
